<?xml version="1.0" encoding="UTF-8"?>
<testsuites name="Frontend Tests" tests="36" failures="0" errors="0" time="8.873">
  <testsuite name="Página: UserProfilePage" errors="0" failures="0" skipped="0" timestamp="2025-11-21T02:55:39" time="3.153" tests="3">
    <testcase classname="Página: UserProfilePage deve exibir o nome e o email do usuário" name="Página: UserProfilePage deve exibir o nome e o email do usuário" time="0.338">
    </testcase>
    <testcase classname="Página: UserProfilePage deve exibir as estatísticas do usuário" name="Página: UserProfilePage deve exibir as estatísticas do usuário" time="0.07">
    </testcase>
    <testcase classname="Página: UserProfilePage deve renderizar a lista de avaliações do usuário" name="Página: UserProfilePage deve renderizar a lista de avaliações do usuário" time="0.056">
    </testcase>
  </testsuite>
  <testsuite name="LoginPage" errors="0" failures="0" skipped="0" timestamp="2025-11-21T02:55:39" time="3.204" tests="7">
    <testcase classname="LoginPage envia formulário de login com sucesso" name="LoginPage envia formulário de login com sucesso" time="0.386">
    </testcase>
    <testcase classname="LoginPage exibe mensagem de erro ao falhar login" name="LoginPage exibe mensagem de erro ao falhar login" time="0.119">
    </testcase>
    <testcase classname="LoginPage envia formulário de cadastro com sucesso" name="LoginPage envia formulário de cadastro com sucesso" time="0.083">
    </testcase>
    <testcase classname="LoginPage exibe botão de cadastro" name="LoginPage exibe botão de cadastro" time="0.018">
    </testcase>
    <testcase classname="LoginPage renderiza título de cadastro por padrão" name="LoginPage renderiza título de cadastro por padrão" time="0.027">
    </testcase>
    <testcase classname="LoginPage troca para aba de login ao clicar" name="LoginPage troca para aba de login ao clicar" time="0.054">
    </testcase>
    <testcase classname="LoginPage exibe campo nome apenas na aba de cadastro" name="LoginPage exibe campo nome apenas na aba de cadastro" time="0.045">
    </testcase>
  </testsuite>
  <testsuite name="SearchPage" errors="0" failures="0" skipped="0" timestamp="2025-11-21T02:55:39" time="3.3" tests="7">
    <testcase classname="SearchPage input de busca está presente e pode ser preenchido" name="SearchPage input de busca está presente e pode ser preenchido" time="0.12">
    </testcase>
    <testcase classname="SearchPage renderiza título da página de busca" name="SearchPage renderiza título da página de busca" time="0.023">
    </testcase>
    <testcase classname="SearchPage renderiza subtítulo da página de busca" name="SearchPage renderiza subtítulo da página de busca" time="0.022">
    </testcase>
    <testcase classname="SearchPage não renderiza resultados se não houver busca" name="SearchPage não renderiza resultados se não houver busca" time="0.017">
    </testcase>
    <testcase classname="SearchPage botão de submit está desabilitado sem texto" name="SearchPage botão de submit está desabilitado sem texto" time="0.197">
    </testcase>
    <testcase classname="SearchPage ao digitar, botão de submit habilita" name="SearchPage ao digitar, botão de submit habilita" time="0.073">
    </testcase>
    <testcase classname="SearchPage exibe input de busca" name="SearchPage exibe input de busca" time="0.016">
    </testcase>
  </testsuite>
  <testsuite name="Componente: App" errors="0" failures="0" skipped="0" timestamp="2025-11-21T02:55:42" time="0.888" tests="2">
    <testcase classname="Componente: App deve renderizar a página inicial corretamente na rota &quot;/&quot;" name="Componente: App deve renderizar a página inicial corretamente na rota &quot;/&quot;" time="0.079">
    </testcase>
    <testcase classname="Componente: App deve renderizar a página de login ao navegar para &quot;/login&quot;" name="Componente: App deve renderizar a página de login ao navegar para &quot;/login&quot;" time="0.049">
    </testcase>
  </testsuite>
  <testsuite name="Página: MoviesListPage" errors="0" failures="0" skipped="0" timestamp="2025-11-21T02:55:43" time="0.734" tests="2">
    <testcase classname="Página: MoviesListPage deve renderizar a lista de filmes inicial ordenada por rank" name="Página: MoviesListPage deve renderizar a lista de filmes inicial ordenada por rank" time="0.164">
    </testcase>
    <testcase classname="Página: MoviesListPage deve reordenar a lista ao clicar nos botões de visualização" name="Página: MoviesListPage deve reordenar a lista ao clicar nos botões de visualização" time="0.138">
    </testcase>
  </testsuite>
  <testsuite name="Página: MediaDetailsPage" errors="0" failures="0" skipped="0" timestamp="2025-11-21T02:55:42" time="0.885" tests="1">
    <testcase classname="Página: MediaDetailsPage deve buscar e exibir os detalhes do filme com base no ID da URL" name="Página: MediaDetailsPage deve buscar e exibir os detalhes do filme com base no ID da URL" time="0.194">
    </testcase>
  </testsuite>
  <testsuite name="API Services" errors="0" failures="0" skipped="0" timestamp="2025-11-21T02:55:43" time="0.276" tests="8">
    <testcase classname="API Services deve buscar filmes populares" name="API Services deve buscar filmes populares" time="0.002">
    </testcase>
    <testcase classname="API Services deve realizar o login do usuário" name="API Services deve realizar o login do usuário" time="0.001">
    </testcase>
    <testcase classname="API Services deve registrar um novo usuário" name="API Services deve registrar um novo usuário" time="0.001">
    </testcase>
    <testcase classname="API Services deve buscar o perfil do usuário" name="API Services deve buscar o perfil do usuário" time="0.001">
    </testcase>
    <testcase classname="API Services deve atualizar o perfil do usuário" name="API Services deve atualizar o perfil do usuário" time="0.001">
    </testcase>
    <testcase classname="API Services deve realizar o logout do usuário" name="API Services deve realizar o logout do usuário" time="0.001">
    </testcase>
    <testcase classname="API Services deve buscar as avaliações de um filme" name="API Services deve buscar as avaliações de um filme" time="0.001">
    </testcase>
    <testcase classname="API Services deve verificar a saúde do sistema" name="API Services deve verificar a saúde do sistema" time="0.006">
    </testcase>
  </testsuite>
  <testsuite name="Componente: LoadingSpinner" errors="0" failures="0" skipped="0" timestamp="2025-11-21T02:55:43" time="0.345" tests="2">
    <testcase classname="Componente: LoadingSpinner deve ser renderizado na tela" name="Componente: LoadingSpinner deve ser renderizado na tela" time="0.005">
    </testcase>
    <testcase classname="Componente: LoadingSpinner deve aplicar a classe de tamanho correta baseada na prop &quot;size&quot;" name="Componente: LoadingSpinner deve aplicar a classe de tamanho correta baseada na prop &quot;size&quot;" time="0.007">
    </testcase>
  </testsuite>
  <testsuite name="Componente: Header" errors="0" failures="0" skipped="0" timestamp="2025-11-21T02:55:43" time="0.515" tests="4">
    <testcase classname="Componente: Header › quando o usuário não está autenticado deve exibir o botão de &quot;Login / Registrar-se&quot;" name="Componente: Header › quando o usuário não está autenticado deve exibir o botão de &quot;Login / Registrar-se&quot;" time="0.074">
    </testcase>
    <testcase classname="Componente: Header › quando o usuário não está autenticado NÃO deve exibir o botão de &quot;Meu Perfil&quot;" name="Componente: Header › quando o usuário não está autenticado NÃO deve exibir o botão de &quot;Meu Perfil&quot;" time="0.025">
    </testcase>
    <testcase classname="Componente: Header › quando o usuário está autenticado deve exibir o botão de &quot;Meu Perfil&quot;" name="Componente: Header › quando o usuário está autenticado deve exibir o botão de &quot;Meu Perfil&quot;" time="0.03">
    </testcase>
    <testcase classname="Componente: Header › quando o usuário está autenticado NÃO deve exibir o botão de &quot;Login / Registrar-se&quot;" name="Componente: Header › quando o usuário está autenticado NÃO deve exibir o botão de &quot;Login / Registrar-se&quot;" time="0.022">
    </testcase>
  </testsuite>
</testsuites>